Added Component: Designator=J1(Terminal 2 Connector)
Added Component: Designator=J2(SG90 Servo Connector)
Added Component: Designator=J3(SG90 Servo Connector)
Added Component: Designator=J4(SG90 Servo Connector)
Added Component: Designator=J5(SG90 Servo Connector)
Added Component: Designator=U1(ST_NUCLEO-F401RE - COPY)
Add component (AddParameter): Name = "Availability"; Value = "Unavailable"; VariantName = "[No Variations]"
Add component (AddParameter): Name = "MF"; Value = ""; VariantName = "[No Variations]"
Add component (AddParameter): Name = "MP"; Value = "NUCLEO-F401RE"; VariantName = "[No Variations]"
Add component (AddParameter): Name = "Package"; Value = "None"; VariantName = "[No Variations]"
Add component (AddParameter): Name = "Price"; Value = "None"; VariantName = "[No Variations]"
Add component (AddParameter): Name = "Value"; Value = ""; VariantName = "[No Variations]"
Added Component: Designator=U3(5V Buck Converter)
Added Pin To Net: NetName=NetJ1_1 Pin=J1-1
Added Pin To Net: NetName=NetJ1_2 Pin=J1-2
Added Pin To Net: NetName=+5 Pin=J2-5V
Added Pin To Net: NetName=Claw_Servo Pin=J2-Ctrl
Added Pin To Net: NetName=GND Pin=J2-GND
Added Pin To Net: NetName=+5 Pin=J3-5V
Added Pin To Net: NetName=Base_Servo Pin=J3-Ctrl
Added Pin To Net: NetName=GND Pin=J3-GND
Added Pin To Net: NetName=+5 Pin=J4-5V
Added Pin To Net: NetName=Shoulder1_Servo Pin=J4-Ctrl
Added Pin To Net: NetName=GND Pin=J4-GND
Added Pin To Net: NetName=+5 Pin=J5-5V
Added Pin To Net: NetName=Shoulder2_Servo Pin=J5-Ctrl
Added Pin To Net: NetName=GND Pin=J5-GND
Added Pin To Net: NetName=Claw_Servo Pin=U1-CN7_17
Added Pin To Net: NetName=+5 Pin=U1-CN7_24
Added Pin To Net: NetName=Shoulder2_Servo Pin=U1-CN10_1
Added Pin To Net: NetName=Shoulder1_Servo Pin=U1-CN10_2
Added Pin To Net: NetName=Base_Servo Pin=U1-CN10_4
Added Pin To Net: NetName=SPI_CS Pin=U1-CN10_16
Added Pin To Net: NetName=SPI_MOSI Pin=U1-CN10_26
Added Pin To Net: NetName=SPI_MISO Pin=U1-CN10_28
Added Pin To Net: NetName=SPI_SCK Pin=U1-CN10_30
Add Pin To Net: Unknown Pin: Pin U2-D12
Add Pin To Net: Unknown Pin: Pin U2-D13
Add Pin To Net: Unknown Pin: Pin U2-D14
Add Pin To Net: Unknown Pin: Pin U2-D15
Add Pin To Net: Unknown Pin: Pin U2-GND1
Add Pin To Net: Unknown Pin: Pin U2-GND2
Add Pin To Net: Unknown Pin: Pin U2-VIN
Added Pin To Net: NetName=NetJ1_1 Pin=U3-IN+
Added Pin To Net: NetName=NetJ1_2 Pin=U3-IN-
Added Pin To Net: NetName=+5 Pin=U3-OUT+
Added Pin To Net: NetName=GND Pin=U3-OUT-
Added Member To Class: ClassName=externalConnections Member=Component J1 Terminal 2 Connector
Added Member To Class: ClassName=externalConnections Member=Component J2 SG90 Servo Connector
Added Member To Class: ClassName=externalConnections Member=Component J3 SG90 Servo Connector
Added Member To Class: ClassName=externalConnections Member=Component J4 SG90 Servo Connector
Added Member To Class: ClassName=externalConnections Member=Component J5 SG90 Servo Connector
Added Member To Class: ClassName=STM32 Member=Component U1 NUCLEO-F401RE_COPY
Add Class Member: Failed to add class member : Component U2 ESP-Wroom-32
Added Member To Class: ClassName=externalConnections Member=Component U3 5V Buck Converter
Added Room: Name=ESP32
Added Room: Name=externalConnections
Added Room: Name=STM32
